<?xml version="1.0" encoding="UTF-8"?>
<testsuite xmlns:xsi="http://www.w3.org/2001/XMLSchema-instance" xsi:noNamespaceSchemaLocation="https://maven.apache.org/surefire/maven-surefire-plugin/xsd/surefire-test-report-3.0.xsd" version="3.0" name="com.CentroDistribuicaoTest" time="0.876" tests="46" errors="0" skipped="0" failures="0">
  <properties>
[...]
</properties>
  <testcase name="shouldReturnInsuficienteOnEncomendaCombustivelNormal(String, String, String, String, String)[1]" classname="com.CentroDistribuicaoTest" time="0.118"/>
  <testcase name="shouldStoreTotalGasolina(String, String, String, String, String, String)[1]" classname="com.CentroDistribuicaoTest" time="0.008"/>
  <testcase name="shouldStoreTotalAlcool(String, String, String, String, String, String)[1]" classname="com.CentroDistribuicaoTest" time="0.002"/>
  <testcase name="shouldReturnInsuficienteOnEncomendaCombustivelSobraviso(String, String, String, String, String)[1]" classname="com.CentroDistribuicaoTest" time="0.003"/>
  <testcase name="shouldReturnInsuficienteOnEncomendaCombustivelSobraviso(String, String, String, String, String)[2]" classname="com.CentroDistribuicaoTest" time="0.002"/>
  <testcase name="shouldReturnInsuficienteOnEncomendaCombustivelSobraviso(String, String, String, String, String)[3]" classname="com.CentroDistribuicaoTest" time="0.002"/>
  <testcase name="shouldReturnQtdInvalidaOnEncomendaCombustivel(String, String, String, String, String)[1]" classname="com.CentroDistribuicaoTest" time="0.002"/>
  <testcase name="shouldReturnErrorOnRecebeAlcool(String, String, String, String, String, String)[1]" classname="com.CentroDistribuicaoTest" time="0.002"/>
  <testcase name="shouldReturnErrorOnRecebeAlcool(String, String, String, String, String, String)[2]" classname="com.CentroDistribuicaoTest" time="0.002"/>
  <testcase name="shouldConstructWithRightSituacao(String, String, String, String, String)[1]" classname="com.CentroDistribuicaoTest" time="0.005"/>
  <testcase name="shouldConstructWithRightSituacao(String, String, String, String, String)[2]" classname="com.CentroDistribuicaoTest" time="0.003"/>
  <testcase name="shouldConstructWithRightSituacao(String, String, String, String, String)[3]" classname="com.CentroDistribuicaoTest" time="0.002"/>
  <testcase name="shouldConstructWithRightSituacao(String, String, String, String, String)[4]" classname="com.CentroDistribuicaoTest" time="0.003"/>
  <testcase name="shouldConstructWithRightSituacao(String, String, String, String, String)[5]" classname="com.CentroDistribuicaoTest" time="0.001"/>
  <testcase name="shouldConstructWithRightSituacao(String, String, String, String, String)[6]" classname="com.CentroDistribuicaoTest" time="0.001"/>
  <testcase name="shouldStoreTotalAditivo(String, String, String, String, String, String)[1]" classname="com.CentroDistribuicaoTest" time="0.001"/>
  <testcase name="shouldReturnPostoInvalidoOnEncomendaCombustivel(String, String, String, String, String)[1]" classname="com.CentroDistribuicaoTest" time="0.002"/>
  <testcase name="shouldStoreLessAlcool(String, String, String, String, String, String)[1]" classname="com.CentroDistribuicaoTest" time="0.001"/>
  <testcase name="shouldReturnRestoCombustivelSituacaoNormal(String, String, String, String, String, String, String, String, String)[1]" classname="com.CentroDistribuicaoTest" time="0.005"/>
  <testcase name="shouldReturnRestoCombustivelSituacaoNormal(String, String, String, String, String, String, String, String, String)[2]" classname="com.CentroDistribuicaoTest" time="0.002"/>
  <testcase name="shouldStoreHalfAditivo(String, String, String, String, String, String)[1]" classname="com.CentroDistribuicaoTest" time="0.001"/>
  <testcase name="shouldReturnErrorOnRecebeAditivo(String, String, String, String, String, String)[1]" classname="com.CentroDistribuicaoTest" time="0.002"/>
  <testcase name="shouldReturnErrorOnRecebeAditivo(String, String, String, String, String, String)[2]" classname="com.CentroDistribuicaoTest" time="0.001"/>
  <testcase name="shouldReturnErrorOnRecebeGasolina(String, String, String, String, String, String)[1]" classname="com.CentroDistribuicaoTest" time="0.002"/>
  <testcase name="shouldReturnErrorOnRecebeGasolina(String, String, String, String, String, String)[2]" classname="com.CentroDistribuicaoTest" time="0.001"/>
  <testcase name="shouldReturnRestoCombustivelSituacaoSobravisoEstrategico(String, String, String, String, String, String, String, String, String)[1]" classname="com.CentroDistribuicaoTest" time="0.002"/>
  <testcase name="shouldReturnInsuficienteOnEncomendaCombustivelEmergencia(String, String, String, String, String)[1]" classname="com.CentroDistribuicaoTest" time="0.001"/>
  <testcase name="shouldReturnInsuficienteOnEncomendaCombustivelEmergencia(String, String, String, String, String)[2]" classname="com.CentroDistribuicaoTest" time="0.001"/>
  <testcase name="shouldReturnInsuficienteOnEncomendaCombustivelEmergencia(String, String, String, String, String)[3]" classname="com.CentroDistribuicaoTest" time="0.001"/>
  <testcase name="shouldStoreHalfGasolina(String, String, String, String, String, String)[1]" classname="com.CentroDistribuicaoTest" time="0.001"/>
  <testcase name="shouldReturnRestoCombustivelSituacaoEmergencia(String, String, String, String, String, String, String, String, String)[1]" classname="com.CentroDistribuicaoTest" time="0.002"/>
  <testcase name="shouldReturnTipoPostoInsuficienteOnEncomendaCombustivel(String, String, String, String, String)[1]" classname="com.CentroDistribuicaoTest" time="0.003"/>
  <testcase name="shouldReturnTipoPostoInsuficienteOnEncomendaCombustivel(String, String, String, String, String)[2]" classname="com.CentroDistribuicaoTest" time="0.002"/>
  <testcase name="shouldReturnTipoPostoInsuficienteOnEncomendaCombustivel(String, String, String, String, String)[3]" classname="com.CentroDistribuicaoTest" time="0"/>
  <testcase name="shouldThrowIllegalArgumentException(String, String, String, String)[1]" classname="com.CentroDistribuicaoTest" time="0.007"/>
  <testcase name="shouldThrowIllegalArgumentException(String, String, String, String)[2]" classname="com.CentroDistribuicaoTest" time="0.001"/>
  <testcase name="shouldThrowIllegalArgumentException(String, String, String, String)[3]" classname="com.CentroDistribuicaoTest" time="0"/>
  <testcase name="shouldThrowIllegalArgumentException(String, String, String, String)[4]" classname="com.CentroDistribuicaoTest" time="0.001"/>
  <testcase name="shouldThrowIllegalArgumentException(String, String, String, String)[5]" classname="com.CentroDistribuicaoTest" time="0"/>
  <testcase name="shouldThrowIllegalArgumentException(String, String, String, String)[6]" classname="com.CentroDistribuicaoTest" time="0"/>
  <testcase name="shouldThrowIllegalArgumentException(String, String, String, String)[7]" classname="com.CentroDistribuicaoTest" time="0.002"/>
  <testcase name="shouldThrowIllegalArgumentException(String, String, String, String)[8]" classname="com.CentroDistribuicaoTest" time="0"/>
  <testcase name="shouldThrowIllegalArgumentException(String, String, String, String)[9]" classname="com.CentroDistribuicaoTest" time="0.001"/>
  <testcase name="shouldThrowIllegalArgumentException(String, String, String, String)[10]" classname="com.CentroDistribuicaoTest" time="0"/>
  <testcase name="shouldThrowIllegalArgumentException(String, String, String, String)[11]" classname="com.CentroDistribuicaoTest" time="0.001"/>
  <testcase name="shouldReturnRestoCombustivelSituacaoSobraviso(String, String, String, String, String, String, String, String, String)[1]" classname="com.CentroDistribuicaoTest" time="0.001"/>
</testsuite>