<?xml version="1.0" encoding="UTF-8"?>
<testsuite xmlns:xsi="http://www.w3.org/2001/XMLSchema-instance" xsi:noNamespaceSchemaLocation="https://maven.apache.org/surefire/maven-surefire-plugin/xsd/surefire-test-report-3.0.xsd" version="3.0" name="com.CentroDistribuicaoTest" time="0.632" tests="47" errors="10" skipped="0" failures="8">
  <properties>
[...]
</properties>
  <testcase name="shouldReturnInsuficienteOnEncomendaCombustivelSobraviso(String, String, String, String, String)[1]" classname="com.CentroDistribuicaoTest" time="0.097">
    <error type="java.lang.NegativeArraySizeException"><![CDATA[java.lang.NegativeArraySizeException: -21
	at com.CentroDistribuicaoTest.shouldReturnInsuficienteOnEncomendaCombustivelSobraviso(CentroDistribuicaoTest.java:139)
]]></error>
  </testcase>
  <testcase name="shouldReturnInsuficienteOnEncomendaCombustivelSobraviso(String, String, String, String, String)[2]" classname="com.CentroDistribuicaoTest" time="0.002">
    <error type="java.lang.NegativeArraySizeException"><![CDATA[java.lang.NegativeArraySizeException: -21
	at com.CentroDistribuicaoTest.shouldReturnInsuficienteOnEncomendaCombustivelSobraviso(CentroDistribuicaoTest.java:139)
]]></error>
  </testcase>
  <testcase name="shouldReturnInsuficienteOnEncomendaCombustivelSobraviso(String, String, String, String, String)[3]" classname="com.CentroDistribuicaoTest" time="0.002">
    <error type="java.lang.NegativeArraySizeException"><![CDATA[java.lang.NegativeArraySizeException: -21
	at com.CentroDistribuicaoTest.shouldReturnInsuficienteOnEncomendaCombustivelSobraviso(CentroDistribuicaoTest.java:139)
]]></error>
  </testcase>
  <testcase name="shouldReturnInsuficienteOnEncomendaCombustivelSobraviso(String, String, String, String, String)[4]" classname="com.CentroDistribuicaoTest" time="0.003">
    <error type="java.lang.NegativeArraySizeException"><![CDATA[java.lang.NegativeArraySizeException: -21
	at com.CentroDistribuicaoTest.shouldReturnInsuficienteOnEncomendaCombustivelSobraviso(CentroDistribuicaoTest.java:139)
]]></error>
  </testcase>
  <testcase name="shouldReturnQtdInvalidaOnEncomendaCombustivel(String, String, String, String, String)[1]" classname="com.CentroDistribuicaoTest" time="0.02">
    <failure type="org.opentest4j.AssertionFailedError"><![CDATA[org.opentest4j.AssertionFailedError: array contents differ at index [0], expected: <-7> but was: <500>
	at com.CentroDistribuicaoTest.shouldReturnQtdInvalidaOnEncomendaCombustivel(CentroDistribuicaoTest.java:106)
]]></failure>
  </testcase>
  <testcase name="shouldReturnQtdInvalidaOnEncomendaCombustivel(String, String, String, String, String)[2]" classname="com.CentroDistribuicaoTest" time="0.001">
    <error type="java.lang.NegativeArraySizeException"><![CDATA[java.lang.NegativeArraySizeException: -7
	at com.CentroDistribuicaoTest.shouldReturnQtdInvalidaOnEncomendaCombustivel(CentroDistribuicaoTest.java:104)
]]></error>
  </testcase>
  <testcase name="shouldConstructWithRightSituacao(String, String, String, String, String)[1]" classname="com.CentroDistribuicaoTest" time="0.004"/>
  <testcase name="shouldConstructWithRightSituacao(String, String, String, String, String)[2]" classname="com.CentroDistribuicaoTest" time="0.003"/>
  <testcase name="shouldConstructWithRightSituacao(String, String, String, String, String)[3]" classname="com.CentroDistribuicaoTest" time="0.002"/>
  <testcase name="shouldConstructWithRightSituacao(String, String, String, String, String)[4]" classname="com.CentroDistribuicaoTest" time="0.004"/>
  <testcase name="shouldConstructWithRightSituacao(String, String, String, String, String)[5]" classname="com.CentroDistribuicaoTest" time="0.001"/>
  <testcase name="shouldConstructWithRightSituacao(String, String, String, String, String)[6]" classname="com.CentroDistribuicaoTest" time="0.005"/>
  <testcase name="shouldReturnRestoCombustivelPostoComum(String, String, String, String, String, String, String, String, String)[1]" classname="com.CentroDistribuicaoTest" time="0.008"/>
  <testcase name="shouldReturnRestoCombustivelPostoComum(String, String, String, String, String, String, String, String, String)[2]" classname="com.CentroDistribuicaoTest" time="0.003"/>
  <testcase name="shouldReturnRestoCombustivelPostoComum(String, String, String, String, String, String, String, String, String)[3]" classname="com.CentroDistribuicaoTest" time="0.002"/>
  <testcase name="shouldRecebeAlcoolReturnTheRightValue(String, String, String, String, String, String)[1]" classname="com.CentroDistribuicaoTest" time="0.006"/>
  <testcase name="shouldRecebeAlcoolReturnTheRightValue(String, String, String, String, String, String)[2]" classname="com.CentroDistribuicaoTest" time="0.007">
    <failure type="org.opentest4j.AssertionFailedError"><![CDATA[org.opentest4j.AssertionFailedError: expected: <300> but was: <100>
	at com.CentroDistribuicaoTest.shouldRecebeAlcoolReturnTheRightValue(CentroDistribuicaoTest.java:90)
]]></failure>
  </testcase>
  <testcase name="shouldRecebeAlcoolReturnTheRightValue(String, String, String, String, String, String)[3]" classname="com.CentroDistribuicaoTest" time="0.001"/>
  <testcase name="shouldRecebeAlcoolReturnTheRightValue(String, String, String, String, String, String)[4]" classname="com.CentroDistribuicaoTest" time="0.001"/>
  <testcase name="shouldReturnRestoCombustivelPostoEstrategico(String, String, String, String, String, String, String, String, String)[1]" classname="com.CentroDistribuicaoTest" time="0.007"/>
  <testcase name="shouldReturnRestoCombustivelPostoEstrategico(String, String, String, String, String, String, String, String, String)[2]" classname="com.CentroDistribuicaoTest" time="0.003"/>
  <testcase name="shouldReturnRestoCombustivelPostoEstrategico(String, String, String, String, String, String, String, String, String)[3]" classname="com.CentroDistribuicaoTest" time="0.001"/>
  <testcase name="shouldRecebeAditivoReturnTheRightValue(String, String, String, String, String, String)[1]" classname="com.CentroDistribuicaoTest" time="0.005"/>
  <testcase name="shouldRecebeAditivoReturnTheRightValue(String, String, String, String, String, String)[2]" classname="com.CentroDistribuicaoTest" time="0.001">
    <failure type="org.opentest4j.AssertionFailedError"><![CDATA[org.opentest4j.AssertionFailedError: expected: <100> but was: <200>
	at com.CentroDistribuicaoTest.shouldRecebeAditivoReturnTheRightValue(CentroDistribuicaoTest.java:60)
]]></failure>
  </testcase>
  <testcase name="shouldRecebeAditivoReturnTheRightValue(String, String, String, String, String, String)[3]" classname="com.CentroDistribuicaoTest" time="0.002"/>
  <testcase name="shouldRecebeAditivoReturnTheRightValue(String, String, String, String, String, String)[4]" classname="com.CentroDistribuicaoTest" time="0.002"/>
  <testcase name="shouldReturnInsuficienteOnEncomendaCombustivelEmergencia(String, String, String, String, String)[1]" classname="com.CentroDistribuicaoTest" time="0.002">
    <error type="java.lang.NegativeArraySizeException"><![CDATA[java.lang.NegativeArraySizeException: -21
	at com.CentroDistribuicaoTest.shouldReturnInsuficienteOnEncomendaCombustivelEmergencia(CentroDistribuicaoTest.java:156)
]]></error>
  </testcase>
  <testcase name="shouldReturnInsuficienteOnEncomendaCombustivelEmergencia(String, String, String, String, String)[2]" classname="com.CentroDistribuicaoTest" time="0.003">
    <error type="java.lang.NegativeArraySizeException"><![CDATA[java.lang.NegativeArraySizeException: -21
	at com.CentroDistribuicaoTest.shouldReturnInsuficienteOnEncomendaCombustivelEmergencia(CentroDistribuicaoTest.java:156)
]]></error>
  </testcase>
  <testcase name="shouldReturnInsuficienteOnEncomendaCombustivelEmergencia(String, String, String, String, String)[3]" classname="com.CentroDistribuicaoTest" time="0.001">
    <failure type="org.opentest4j.AssertionFailedError"><![CDATA[org.opentest4j.AssertionFailedError: array contents differ at index [0], expected: <-21> but was: <375>
	at com.CentroDistribuicaoTest.shouldReturnInsuficienteOnEncomendaCombustivelEmergencia(CentroDistribuicaoTest.java:158)
]]></failure>
  </testcase>
  <testcase name="shouldRecebeGasolinaReturnTheRightValue(String, String, String, String, String, String)[1]" classname="com.CentroDistribuicaoTest" time="0.004"/>
  <testcase name="shouldRecebeGasolinaReturnTheRightValue(String, String, String, String, String, String)[2]" classname="com.CentroDistribuicaoTest" time="0.003">
    <failure type="org.opentest4j.AssertionFailedError"><![CDATA[org.opentest4j.AssertionFailedError: expected: <1000> but was: <2000>
	at com.CentroDistribuicaoTest.shouldRecebeGasolinaReturnTheRightValue(CentroDistribuicaoTest.java:75)
]]></failure>
  </testcase>
  <testcase name="shouldRecebeGasolinaReturnTheRightValue(String, String, String, String, String, String)[3]" classname="com.CentroDistribuicaoTest" time="0.002"/>
  <testcase name="shouldRecebeGasolinaReturnTheRightValue(String, String, String, String, String, String)[4]" classname="com.CentroDistribuicaoTest" time="0.001"/>
  <testcase name="shouldReturnTipoPostoInsuficienteOnEncomendaCombustivel(String, String, String, String, String)[1]" classname="com.CentroDistribuicaoTest" time="0.002">
    <error type="java.lang.NegativeArraySizeException"><![CDATA[java.lang.NegativeArraySizeException: -14
	at com.CentroDistribuicaoTest.shouldReturnTipoPostoInsuficienteOnEncomendaCombustivel(CentroDistribuicaoTest.java:121)
]]></error>
  </testcase>
  <testcase name="shouldReturnTipoPostoInsuficienteOnEncomendaCombustivel(String, String, String, String, String)[2]" classname="com.CentroDistribuicaoTest" time="0.001">
    <error type="java.lang.NegativeArraySizeException"><![CDATA[java.lang.NegativeArraySizeException: -14
	at com.CentroDistribuicaoTest.shouldReturnTipoPostoInsuficienteOnEncomendaCombustivel(CentroDistribuicaoTest.java:121)
]]></error>
  </testcase>
  <testcase name="shouldReturnTipoPostoInsuficienteOnEncomendaCombustivel(String, String, String, String, String)[3]" classname="com.CentroDistribuicaoTest" time="0.002">
    <error type="java.lang.NegativeArraySizeException"><![CDATA[java.lang.NegativeArraySizeException: -14
	at com.CentroDistribuicaoTest.shouldReturnTipoPostoInsuficienteOnEncomendaCombustivel(CentroDistribuicaoTest.java:121)
]]></error>
  </testcase>
  <testcase name="shouldThrowIllegalArgumentException(String, String, String, String)[1]" classname="com.CentroDistribuicaoTest" time="0.007"/>
  <testcase name="shouldThrowIllegalArgumentException(String, String, String, String)[2]" classname="com.CentroDistribuicaoTest" time="0.001"/>
  <testcase name="shouldThrowIllegalArgumentException(String, String, String, String)[3]" classname="com.CentroDistribuicaoTest" time="0.002"/>
  <testcase name="shouldThrowIllegalArgumentException(String, String, String, String)[4]" classname="com.CentroDistribuicaoTest" time="0.001"/>
  <testcase name="shouldThrowIllegalArgumentException(String, String, String, String)[5]" classname="com.CentroDistribuicaoTest" time="0.002"/>
  <testcase name="shouldThrowIllegalArgumentException(String, String, String, String)[6]" classname="com.CentroDistribuicaoTest" time="0.002">
    <failure type="org.opentest4j.AssertionFailedError"><![CDATA[org.opentest4j.AssertionFailedError: Expected java.lang.IllegalArgumentException to be thrown, but nothing was thrown.
	at com.CentroDistribuicaoTest.shouldThrowIllegalArgumentException(CentroDistribuicaoTest.java:42)
]]></failure>
  </testcase>
  <testcase name="shouldThrowIllegalArgumentException(String, String, String, String)[7]" classname="com.CentroDistribuicaoTest" time="0.005">
    <failure type="org.opentest4j.AssertionFailedError"><![CDATA[org.opentest4j.AssertionFailedError: Expected java.lang.IllegalArgumentException to be thrown, but nothing was thrown.
	at com.CentroDistribuicaoTest.shouldThrowIllegalArgumentException(CentroDistribuicaoTest.java:42)
]]></failure>
  </testcase>
  <testcase name="shouldThrowIllegalArgumentException(String, String, String, String)[8]" classname="com.CentroDistribuicaoTest" time="0.002">
    <failure type="org.opentest4j.AssertionFailedError"><![CDATA[org.opentest4j.AssertionFailedError: Expected java.lang.IllegalArgumentException to be thrown, but nothing was thrown.
	at com.CentroDistribuicaoTest.shouldThrowIllegalArgumentException(CentroDistribuicaoTest.java:42)
]]></failure>
  </testcase>
  <testcase name="shouldThrowIllegalArgumentException(String, String, String, String)[9]" classname="com.CentroDistribuicaoTest" time="0"/>
  <testcase name="shouldThrowIllegalArgumentException(String, String, String, String)[10]" classname="com.CentroDistribuicaoTest" time="0.001"/>
  <testcase name="shouldThrowIllegalArgumentException(String, String, String, String)[11]" classname="com.CentroDistribuicaoTest" time="0.001"/>
</testsuite>